<?xml version="1.0" encoding="UTF-8"?>
<!-- Generated by org.testng.reporters.JUnitReportReporter -->
<testsuite hostname="LAPTOP-HEM0DT55" failures="0" tests="1" name="Bike.KawasakiTest" time="2.207" errors="0" timestamp="2025-06-21T15:22:40 IST" skipped="0">
  <testcase classname="Bike.KawasakiTest" name="launch" time="2.207">
    <system-out>
      <![CDATA[Kawasaki launched]]>
    </system-out>
  </testcase> <!-- launch -->
  <system-out>
    <![CDATA[Kawasaki launched]]>
  </system-out>
</testsuite> <!-- Bike.KawasakiTest -->
