<?xml version="1.0" encoding="UTF-8"?>
<!-- Generated by org.testng.reporters.JUnitReportReporter -->
<testsuite hostname="LAPTOP-HEM0DT55" failures="0" tests="1" name="Bike.RoyalEnfieldTest" time="5.174" errors="0" timestamp="2025-06-21T15:25:16 IST" skipped="0">
  <testcase classname="Bike.RoyalEnfieldTest" name="launch" time="5.174">
    <system-out>
      <![CDATA[Kawasaki launched]]>
    </system-out>
  </testcase> <!-- launch -->
  <system-out>
    <![CDATA[Kawasaki launched]]>
  </system-out>
</testsuite> <!-- Bike.RoyalEnfieldTest -->
