<?xml version="1.0" encoding="UTF-8"?>
<!-- Generated by org.testng.reporters.JUnitReportReporter -->
<testsuite hostname="LAPTOP-HEM0DT55" failures="0" tests="1" name="Demo.Sample" time="0.011" errors="0" timestamp="2025-06-21T15:05:44 IST" skipped="0">
  <testcase classname="Demo.Sample" name="launch" time="0.011">
    <system-out>
      <![CDATA[Sample class executed]]>
    </system-out>
  </testcase> <!-- launch -->
  <system-out>
    <![CDATA[Sample class executed]]>
  </system-out>
</testsuite> <!-- Demo.Sample -->
