<?xml version="1.0" encoding="UTF-8"?>
<!-- Generated by org.testng.reporters.JUnitReportReporter -->
<testsuite hostname="LAPTOP-HEM0DT55" failures="0" tests="1" name="Extentreports.LearnExtentReport" time="0.472" errors="0" timestamp="2025-06-23T14:07:30 IST" skipped="0">
  <testcase classname="Extentreports.LearnExtentReport" name="createReport" time="0.472"/>
</testsuite> <!-- Extentreports.LearnExtentReport -->
