<?xml version="1.0" encoding="UTF-8"?>
<!-- Generated by org.testng.reporters.JUnitReportReporter -->
<testsuite hostname="LAPTOP-HEM0DT55" failures="0" tests="1" name="Bike.BajajTest" time="4.627" errors="0" timestamp="2025-06-21T15:16:59 IST" skipped="0">
  <testcase classname="Bike.BajajTest" name="launch" time="4.627">
    <system-out>
      <![CDATA[Bajaj launched]]>
    </system-out>
  </testcase> <!-- launch -->
  <system-out>
    <![CDATA[Bajaj launched]]>
  </system-out>
</testsuite> <!-- Bike.BajajTest -->
