<?xml version="1.0" encoding="UTF-8"?>
<!-- Generated by org.testng.reporters.JUnitReportReporter -->
<testsuite hostname="LAPTOP-HEM0DT55" failures="0" tests="1" name="Extentreports.AddScreenshotIntoReport" time="4.488" errors="0" timestamp="2025-06-23T13:59:53 IST" skipped="0">
  <testcase classname="Extentreports.AddScreenshotIntoReport" name="addScreenshot" time="4.488"/>
</testsuite> <!-- Extentreports.AddScreenshotIntoReport -->
