<?xml version="1.0" encoding="UTF-8"?>
<!-- Generated by org.testng.reporters.JUnitReportReporter -->
<testsuite hostname="LAPTOP-HEM0DT55" failures="0" tests="1" name="Demo.SampleTest" time="3.733" errors="0" timestamp="2025-06-21T15:08:07 IST" skipped="0">
  <testcase classname="Demo.SampleTest" name="launch" time="3.733">
    <system-out>
      <![CDATA[SampleTest class executed]]>
    </system-out>
  </testcase> <!-- launch -->
  <system-out>
    <![CDATA[SampleTest class executed]]>
  </system-out>
</testsuite> <!-- Demo.SampleTest -->
